<?xml version="1.0" encoding="UTF-8"?>
<!-- Generated by org.testng.reporters.JUnitXMLReporter -->
<testsuite hostname="W1861746" ignored="0" name="Test" tests="17" failures="0" timestamp="2023-02-28T08:58:47 IST" time="66.536" errors="0">
  <testcase name="setup" time="3.353" classname="TestNG_NAL.DependsonMethod"/>
  <testcase name="login" time="0.003" classname="TestNG_NAL.DependsonMethod"/>
  <testcase name="getURL" time="0.1" classname="TestNG_NAL.DependsonMethod"/>
  <testcase name="gettitle" time="0.056" classname="TestNG_NAL.DependsonMethod"/>
  <testcase name="expectedexcep_1" time="0.002" classname="TestNG_NAL.ExpectedExceptions"/>
  <testcase name="expectedexcep_2" time="0.002" classname="TestNG_NAL.ExpectedExceptions"/>
  <testcase name="gmailtest" time="0.156" classname="TestNG_NAL.GoogleTest"/>
  <testcase name="googletitletest" time="0.018" classname="TestNG_NAL.GoogleTest"/>
  <testcase name="googleURLtest" time="0.026" classname="TestNG_NAL.GoogleTest"/>
  <testcase name="Test1" time="0.002" classname="TestNG_NAL.GoogleTest"/>
  <testcase name="Test2" time="0.002" classname="TestNG_NAL.GoogleTest"/>
  <testcase name="Test3" time="0.001" classname="TestNG_NAL.GoogleTest"/>
  <testcase name="countinginvocation" time="3.017" classname="TestNG_NAL.InvocationCount"/>
  <testcase name="setup" time="0.044" classname="TestNG_NAL.InvocationCount"/>
  <testcase name="googlelogotest" time="0.003" classname="TestNG_NAL.TestNgBasics"/>
  <testcase name="googletitletest" time="0.007" classname="TestNG_NAL.TestNgBasics"/>
  <testcase name="searchtest" time="0.002" classname="TestNG_NAL.TestNgBasics"/>
</testsuite> <!-- Test -->
