<?xml version="1.0" encoding="UTF-8"?>
<!-- Generated by org.testng.reporters.JUnitXMLReporter -->
<testsuite hostname="W1861746" ignored="0" name="Test" tests="6" failures="0" timestamp="2023-02-16T17:51:55 IST" time="18.34" errors="0">
  <testcase name="demo" time="18.227" classname="TestNG.Demo"/>
  <testcase name="normaltest" time="0.0" classname="TestNG.BeforeSuiteandAfterSuite"/>
  <testcase name="normaltest2" time="0.0" classname="TestNG.BeforeSuiteandAfterSuite"/>
  <testcase name="normaltest1" time="0.0" classname="TestNG.BeforTestandAfterTest"/>
  <testcase name="normaltest2" time="0.0" classname="TestNG.BeforTestandAfterTest"/>
  <testcase name="normaltest3" time="0.0" classname="TestNG.BeforTestandAfterTest"/>
</testsuite> <!-- Test -->
