<?xml version="1.0" encoding="UTF-8"?>
<!-- Generated by org.testng.reporters.JUnitXMLReporter -->
<testsuite hostname="W1861746" ignored="2" name="Car Loan" tests="5" failures="0" timestamp="2023-03-14T21:40:08 IST" time="0.109" errors="0">
  <testcase name="MobileLogincarLoan" time="0.008" classname="TestNG.day3"/>
  <testcase name="MobilesignoutcarLoan" time="0.01" classname="TestNG.day3"/>
  <testcase name="MobilesignoutcarLoan" time="0.001" classname="TestNG.day3"/>
  <testcase name="MobilesignoutcarLoan" time="0.002" classname="TestNG.day3"/>
  <testcase name="WebloginCarLoan" time="0.004" classname="TestNG.day3"/>
  <testcase name="MobilesignimcarLoan" time="0.0" classname="TestNG.day3">
    <ignored/>
  </testcase> <!-- MobilesignimcarLoan -->
  <testcase name="APIcarLoan" time="0.0" classname="TestNG.day3">
    <ignored/>
  </testcase> <!-- APIcarLoan -->
</testsuite> <!-- Car Loan -->
